<?xml version="1.0" encoding="UTF-8"?>
<!-- Generated by org.testng.reporters.JUnitXMLReporter -->
<testsuite ignored="0" hostname="Mahbubs-MacBook-Pro.local" failures="0" tests="2" name="Smoke Test 1" time="0.439" errors="0" timestamp="2022-05-01T14:21:13 EDT">
  <testcase classname="io.cucumber.testng.AbstractTestNGCucumberTests" name="runScenario" time="0.083"/>
  <testcase classname="io.cucumber.testng.AbstractTestNGCucumberTests" name="runScenario" time="0.011"/>
</testsuite> <!-- Smoke Test 1 -->
